Starting project at /home/ubuntu/coimbra-patient
Starting Metro Bundler
Tunnel connected.
Tunnel ready.
The following packages should be updated for best compatibility with the installed expo version:
  babel-preset-expo@55.0.22 - expected version: ~54.0.10
Your project may not work correctly until you install the expected versions of the packages.
Waiting on http://localhost:8081
Logs for your project will appear below.
iOS ./index.ts ░░░░░░░░░░░░░░░░  0.0% (0/1)
iOS ./index.ts ▓▓░░░░░░░░░░░░░░ 15.0% (101/261)
iOS ./index.ts ▓▓▓▓▓▓░░░░░░░░░░ 39.5% (389/619)
iOS ./index.ts ▓▓▓▓▓▓▓▓▓▓░░░░░░ 63.9% (714/927)
iOS ./index.ts ▓▓▓▓▓▓▓▓▓▓▓▓░░░░ 75.4% (1053/1213)
iOS ./index.ts ▓▓▓▓▓▓▓▓▓▓▓▓▓░░░ 86.4% (1318/1418)
iOS Bundled 20531ms index.ts (1609 modules)
 WARN  expo-notifications: Android Push notifications (remote notifications) functionality provided by expo-notifications was removed from Expo Go with the release of SDK 53. Use a development build instead of Expo Go. Read more at https://docs.expo.dev/develop/development-builds/introduction/.
 WARN  `expo-notifications` functionality is not fully supported in Expo Go:
We recommend you instead use a development build to avoid limitations. Learn more: https://expo.fyi/dev-client.
 ERROR  [runtime not ready]: Error: Exception in HostFunction: <unknown>
/home/ubuntu/coimbra-patient/node_modules/expo/node_modules/@expo/cli/build/src/utils/errors.js:130
    throw error;
    ^

Error: ENOENT: no such file or directory, watch '/home/ubuntu/coimbra-patient/node_modules/.babel-preset-expo-0w0cPwYI/node_modules/babel-plugin-syntax-hermes-parser/node_modules/hermes-parser/dist/src/babel'
    at FSWatcher.<computed> (node:internal/fs/watchers:247:19)
    at Object.watch (node:fs:2503:36)
    at FallbackWatcher._watchdir (/home/ubuntu/coimbra-patient/node_modules/metro-file-map/src/watchers/FallbackWatcher.js:119:33)
    at /home/ubuntu/coimbra-patient/node_modules/metro-file-map/src/watchers/FallbackWatcher.js:219:22
    at Walker.<anonymous> (/home/ubuntu/coimbra-patient/node_modules/metro-file-map/src/watchers/FallbackWatcher.js:358:5)
    at Walker.emit (node:events:524:28)
    at /home/ubuntu/coimbra-patient/node_modules/walker/lib/walker.js:69:16
    at FSReqCallback.oncomplete (node:fs:187:23) {
  errno: -2,
  syscall: 'watch',
  code: 'ENOENT',
  path: '/home/ubuntu/coimbra-patient/node_modules/.babel-preset-expo-0w0cPwYI/node_modules/babel-plugin-syntax-hermes-parser/node_modules/hermes-parser/dist/src/babel',
  filename: '/home/ubuntu/coimbra-patient/node_modules/.babel-preset-expo-0w0cPwYI/node_modules/babel-plugin-syntax-hermes-parser/node_modules/hermes-parser/dist/src/babel'
}

Node.js v20.20.2
Starting project at /home/ubuntu/coimbra-patient
Starting Metro Bundler
Tunnel connected.
Tunnel ready.
Waiting on http://localhost:8081
Logs for your project will appear below.
Starting project at /home/ubuntu/coimbra-patient
Starting Metro Bundler
Tunnel connected.
Tunnel ready.
Waiting on http://localhost:8081
Logs for your project will appear below.
iOS ./index.ts ░░░░░░░░░░░░░░░░  0.0% (0/1)
iOS Bundled 1822ms index.ts (1593 modules)
 WARN  expo-notifications: Android Push notifications (remote notifications) functionality provided by expo-notifications was removed from Expo Go with the release of SDK 53. Use a development build instead of Expo Go. Read more at https://docs.expo.dev/develop/development-builds/introduction/.
 WARN  `expo-notifications` functionality is not fully supported in Expo Go:
We recommend you instead use a development build to avoid limitations. Learn more: https://expo.fyi/dev-client.
 ERROR  [runtime not ready]: Error: Exception in HostFunction: <unknown>
› Detected a change in babel.config.js. Restart the server to see the new results. You may need to clear the bundler cache with the --clear flag for your changes to take effect.
Starting project at /home/ubuntu/coimbra-patient
Starting Metro Bundler
Tunnel connected.
Tunnel ready.
Waiting on http://localhost:8081
Logs for your project will appear below.
Starting project at /home/ubuntu/coimbra-patient
Starting Metro Bundler
warning: Bundler cache is empty, rebuilding (this may take a minute)
Tunnel connected.
Tunnel ready.
Waiting on http://localhost:8081
Logs for your project will appear below.
Starting project at /home/ubuntu/coimbra-patient
› Port 8081 is running this app in another window
  /home/ubuntu/coimbra-patient (pid 1364598)
Input is required, but 'npx expo' is in non-interactive mode.
Required input:
> Use port 8082 instead?
› Skipping dev server
Starting project at /home/ubuntu/coimbra-patient
Starting Metro Bundler
Tunnel connected.
Tunnel ready.
Waiting on http://localhost:8081
Logs for your project will appear below.
Starting project at /home/ubuntu/coimbra-patient
Starting Metro Bundler
Tunnel connected.
Tunnel ready.
Waiting on http://localhost:8081
Logs for your project will appear below.
iOS ./index.ts ░░░░░░░░░░░░░░░░  0.0% (0/1)
iOS ./index.ts ▓▓▓░░░░░░░░░░░░░ 21.4% (135/292)
iOS ./index.ts ▓▓▓▓▓▓▓░░░░░░░░░ 44.5% (433/649)
iOS ./index.ts ▓▓▓▓▓▓▓▓▓▓░░░░░░ 65.3% (792/980)
iOS ./index.ts ▓▓▓▓▓▓▓▓▓▓▓▓▓░░░ 84.9% (1180/1281)
iOS ./index.ts ▓▓▓▓▓▓▓▓▓▓▓▓▓▓▓░ 96.0% (1507/1538)
iOS Bundled 19188ms index.ts (1599 modules)
 WARN  expo-notifications: Android Push notifications (remote notifications) functionality provided by expo-notifications was removed from Expo Go with the release of SDK 53. Use a development build instead of Expo Go. Read more at https://docs.expo.dev/develop/development-builds/introduction/.
 WARN  `expo-notifications` functionality is not fully supported in Expo Go:
We recommend you instead use a development build to avoid limitations. Learn more: https://expo.fyi/dev-client.
 ERROR  [runtime not ready]: Error: Exception in HostFunction: <unknown>
iOS ./index.ts ░░░░░░░░░░░░░░░░  0.0% (0/1)
iOS Bundled 100ms index.ts (1 module)
 WARN  expo-notifications: Android Push notifications (remote notifications) functionality provided by expo-notifications was removed from Expo Go with the release of SDK 53. Use a development build instead of Expo Go. Read more at https://docs.expo.dev/develop/development-builds/introduction/.
 WARN  `expo-notifications` functionality is not fully supported in Expo Go:
We recommend you instead use a development build to avoid limitations. Learn more: https://expo.fyi/dev-client.
 ERROR  [runtime not ready]: Error: Exception in HostFunction: <unknown>
› Detected a change in babel.config.js. Restart the server to see the new results. You may need to clear the bundler cache with the --clear flag for your changes to take effect.
Starting project at /home/ubuntu/coimbra-patient
Starting Metro Bundler
Starting project at /home/ubuntu/coimbra-patient
Starting Metro Bundler
warning: Bundler cache is empty, rebuilding (this may take a minute)
Tunnel connected.
Tunnel ready.
Waiting on http://localhost:8081
Logs for your project will appear below.
iOS ./index.ts ░░░░░░░░░░░░░░░░  0.0% (0/1)
iOS ./index.ts ▓▓▓░░░░░░░░░░░░░ 22.7% (141/296)
iOS ./index.ts ▓▓▓▓▓▓▓░░░░░░░░░ 45.5% (439/651)
iOS ./index.ts ▓▓▓▓▓▓▓▓▓▓░░░░░░ 66.7% (803/983)
iOS ./index.ts ▓▓▓▓▓▓▓▓▓▓▓▓▓░░░ 84.7% (1197/1305)
iOS ./index.ts ▓▓▓▓▓▓▓▓▓▓▓▓▓▓▓░ 96.2% (1538/1568)
iOS Bundled 18928ms index.ts (1599 modules)
 WARN  expo-notifications: Android Push notifications (remote notifications) functionality provided by expo-notifications was removed from Expo Go with the release of SDK 53. Use a development build instead of Expo Go. Read more at https://docs.expo.dev/develop/development-builds/introduction/.
 WARN  `expo-notifications` functionality is not fully supported in Expo Go:
We recommend you instead use a development build to avoid limitations. Learn more: https://expo.fyi/dev-client.
 ERROR  [runtime not ready]: Error: Exception in HostFunction: <unknown>
iOS ./index.ts ░░░░░░░░░░░░░░░░  0.0% (0/1)
iOS Bundled 105ms index.ts (1 module)
 WARN  expo-notifications: Android Push notifications (remote notifications) functionality provided by expo-notifications was removed from Expo Go with the release of SDK 53. Use a development build instead of Expo Go. Read more at https://docs.expo.dev/develop/development-builds/introduction/.
 WARN  `expo-notifications` functionality is not fully supported in Expo Go:
We recommend you instead use a development build to avoid limitations. Learn more: https://expo.fyi/dev-client.
 ERROR  [runtime not ready]: Error: Exception in HostFunction: <unknown>
Starting project at /home/ubuntu/coimbra-patient
Starting Metro Bundler
warning: Bundler cache is empty, rebuilding (this may take a minute)
CommandError: TypeError: Cannot read properties of undefined (reading 'body')
Check the Ngrok status page for outages: https://status.ngrok.com/
Starting project at /home/ubuntu/coimbra-patient
Starting Metro Bundler
warning: Bundler cache is empty, rebuilding (this may take a minute)
Tunnel connected.
Tunnel ready.
Waiting on http://localhost:8081
Logs for your project will appear below.
iOS ./index.ts ░░░░░░░░░░░░░░░░  0.0% (0/1)
iOS ./index.ts ▓▓▓░░░░░░░░░░░░░ 24.0% (152/310)
iOS ./index.ts ▓▓▓▓▓▓▓░░░░░░░░░ 46.2% (443/652)
iOS ./index.ts ▓▓▓▓▓▓▓▓▓▓▓░░░░░ 68.9% (824/993)
iOS ./index.ts ▓▓▓▓▓▓▓▓▓▓▓▓▓▓▓░ 99.8% (1284/1285)
iOS Bundled 15077ms index.ts (1285 modules)
 WARN  expo-notifications: Android Push notifications (remote notifications) functionality provided by expo-notifications was removed from Expo Go with the release of SDK 53. Use a development build instead of Expo Go. Read more at https://docs.expo.dev/develop/development-builds/introduction/.
 WARN  `expo-notifications` functionality is not fully supported in Expo Go:
We recommend you instead use a development build to avoid limitations. Learn more: https://expo.fyi/dev-client.
 WARN  Require cycle: src/notifications/index.ts -> src/notifications/backgroundTask.ts -> src/notifications/index.ts

Require cycles are allowed, but can result in uninitialized values. Consider refactoring to remove the need for a cycle.
 LOG  [Database] migration: quantity_on_hand column already exists
 LOG  [Database] migration: missed_alerted column already exists
 LOG  [Database] migration: skip_reason column already exists
 LOG  [Database] migration: stock_days column already exists
 LOG  [Database] migration: first_meal_time column already exists
 LOG  [Database] migration: exercise_logs.intensity already exists
 LOG  [Database] migration: relapse_events.pain_type already exists
 LOG  [Database] migration: relapse_events.lasted_24h already exists
 LOG  [Database] migration: relapse_events.has_fever already exists
 LOG  [Database] migration: dietary_note column already exists
 WARN  expo-background-fetch: This library is deprecated. Use expo-background-task instead.
 LOG  [Coimbra Background Task] Status: 3
 WARN  `Background Fetch` functionality is not available in Expo Go:
You can use this API, and all others, in a development build. Learn more: https://expo.fyi/dev-client.
 WARN  [Coimbra Background Task] Registration skipped (Expo Go): [Error: Calling the 'registerTaskAsync' function has failed
→ Caused by: Background Fetch has not been configured. To enable it, add `fetch` to `UIBackgroundModes` in the application's Info.plist file]
 WARN  SafeAreaView has been deprecated and will be removed in a future release. Please use 'react-native-safe-area-context' instead. See https://github.com/th3rdwave/react-native-safe-area-context
iOS ./index.ts ░░░░░░░░░░░░░░░░  0.0% (0/1)
iOS Bundled 75ms index.ts (1 module)
 WARN  expo-notifications: Android Push notifications (remote notifications) functionality provided by expo-notifications was removed from Expo Go with the release of SDK 53. Use a development build instead of Expo Go. Read more at https://docs.expo.dev/develop/development-builds/introduction/.
 WARN  `expo-notifications` functionality is not fully supported in Expo Go:
We recommend you instead use a development build to avoid limitations. Learn more: https://expo.fyi/dev-client.
 WARN  Require cycle: src/notifications/index.ts -> src/notifications/backgroundTask.ts -> src/notifications/index.ts

Require cycles are allowed, but can result in uninitialized values. Consider refactoring to remove the need for a cycle.
 LOG  [Database] migration: quantity_on_hand column already exists
 LOG  [Database] migration: missed_alerted column already exists
 LOG  [Database] migration: skip_reason column already exists
 LOG  [Database] migration: stock_days column already exists
 LOG  [Database] migration: first_meal_time column already exists
 LOG  [Database] migration: exercise_logs.intensity already exists
 LOG  [Database] migration: relapse_events.pain_type already exists
 LOG  [Database] migration: relapse_events.lasted_24h already exists
 LOG  [Database] migration: relapse_events.has_fever already exists
 LOG  [Database] migration: dietary_note column already exists
 WARN  expo-background-fetch: This library is deprecated. Use expo-background-task instead.
 LOG  [Coimbra Background Task] Status: 3
 WARN  `Background Fetch` functionality is not available in Expo Go:
You can use this API, and all others, in a development build. Learn more: https://expo.fyi/dev-client.
 WARN  [Coimbra Background Task] Registration skipped (Expo Go): [Error: Calling the 'registerTaskAsync' function has failed
→ Caused by: Background Fetch has not been configured. To enable it, add `fetch` to `UIBackgroundModes` in the application's Info.plist file]
 WARN  SafeAreaView has been deprecated and will be removed in a future release. Please use 'react-native-safe-area-context' instead. See https://github.com/th3rdwave/react-native-safe-area-context
 LOG  [Coimbra Notifications] Cancelled supplement notifications: 0
 LOG  [Coimbra Notifications] Scheduled supplement notification d1f99012-2e44-4a5b-887b-4309b09125ee for 2026-05-20T09:53:31.729Z
 LOG  [Coimbra Notifications] Scheduled supplement notification beb7b840-b9e4-4f34-945d-8bb4aaceec8a for 2026-05-20T10:53:31.729Z
 LOG  [Coimbra Notifications] Scheduled supplement notification f4c3a5f3-97d0-4da7-a292-c60e0e457c19 for 2026-05-20T11:53:31.729Z
 LOG  [Coimbra Notifications] Scheduled supplement notification 14b31789-b8c0-4931-bfc6-ab51c7e33d79 for 2026-05-20T13:53:31.729Z
 LOG  [Coimbra Notifications] Scheduled supplement notification 39331df3-2203-4ba8-bdc2-f0340ac79bb3 for 2026-05-20T13:53:31.729Z
 LOG  [Coimbra Notifications] Scheduled exercise reminder 4e6b1fbd-a69b-4e72-b35a-60caca129b8d for 2026-05-20T11:53:31.729Z
 LOG  [Coimbra Notifications] Scheduled end-of-day summary for 2026-05-20T15:53:31.729Z
Starting project at /home/ubuntu/coimbra-patient
Starting Metro Bundler
warning: Bundler cache is empty, rebuilding (this may take a minute)
Tunnel connected.
Tunnel ready.
The following packages should be updated for best compatibility with the installed expo version:
  expo-secure-store@55.0.14 - expected version: ~15.0.8
Your project may not work correctly until you install the expected versions of the packages.
Waiting on http://localhost:8081
Logs for your project will appear below.
iOS ./index.ts ░░░░░░░░░░░░░░░░  0.0% (0/1)
iOS ./index.ts ▓░░░░░░░░░░░░░░░ 12.5% ( 89/252)
iOS ./index.ts ▓▓▓▓▓▓░░░░░░░░░░ 38.5% (358/597)
iOS ./index.ts ▓▓▓▓▓▓▓▓▓░░░░░░░ 62.4% (594/802)
iOS ./index.ts ▓▓▓▓▓▓▓▓▓▓▓░░░░░ 69.3% ( 838/1007)
iOS ./index.ts ▓▓▓▓▓▓▓▓▓▓▓▓▓▓▓░ 98.0% (1274/1287)
iOS Bundled 19970ms index.ts (1290 modules)
iOS node_modules/expo-secure-store/build/SecureStore.js ░░░░░░░░░░░░░░░░  0.0% (0/1)
 WARN  expo-notifications: Android Push notifications (remote notifications) functionality provided by expo-notifications was removed from Expo Go with the release of SDK 53. Use a development build instead of Expo Go. Read more at https://docs.expo.dev/develop/development-builds/introduction/.
 WARN  `expo-notifications` functionality is not fully supported in Expo Go:
We recommend you instead use a development build to avoid limitations. Learn more: https://expo.fyi/dev-client.
 WARN  Require cycle: src/notifications/index.ts -> src/notifications/backgroundTask.ts -> src/notifications/index.ts

Require cycles are allowed, but can result in uninitialized values. Consider refactoring to remove the need for a cycle.
 LOG  [Migrations] running version 8
 LOG  [Migrations] version 8 complete
 LOG  [Database] migration: quantity_on_hand column already exists
 LOG  [Database] migration: missed_alerted column already exists
 LOG  [Database] migration: skip_reason column already exists
 LOG  [Database] migration: stock_days column already exists
 LOG  [Database] migration: first_meal_time column already exists
 LOG  [Database] migration: exercise_logs.intensity already exists
 LOG  [Database] migration: relapse_events.pain_type already exists
 LOG  [Database] migration: relapse_events.lasted_24h already exists
 LOG  [Database] migration: relapse_events.has_fever already exists
 LOG  [Database] migration: dietary_note column already exists
 WARN  expo-background-fetch: This library is deprecated. Use expo-background-task instead.
 LOG  [Coimbra Background Task] Status: 3
 WARN  `Background Fetch` functionality is not available in Expo Go:
You can use this API, and all others, in a development build. Learn more: https://expo.fyi/dev-client.
 WARN  [Coimbra Background Task] Registration skipped (Expo Go): [Error: Calling the 'registerTaskAsync' function has failed
→ Caused by: Background Fetch has not been configured. To enable it, add `fetch` to `UIBackgroundModes` in the application's Info.plist file]
 WARN  SafeAreaView has been deprecated and will be removed in a future release. Please use 'react-native-safe-area-context' instead. See https://github.com/th3rdwave/react-native-safe-area-context
iOS Bundled 602ms node_modules/expo-secure-store/build/SecureStore.js (608 modules)
 LOG  [Coimbra Notifications] Cancelled supplement notifications: 2
 LOG  [Coimbra Notifications] Scheduled supplement notification d1b606ba-b9c0-46ff-a395-ecf1c3b71be9 for 2026-05-20T15:42:19.116Z
 LOG  [Coimbra Notifications] Scheduled supplement notification b76cc1f9-fbcd-4a45-9bd3-15ce7e41ed25 for 2026-05-20T16:42:19.116Z
 LOG  [Coimbra Notifications] Scheduled supplement notification 90e617f7-5959-4de7-a7f6-3b3c4ae3fc36 for 2026-05-20T17:42:19.116Z
 LOG  [Coimbra Notifications] Scheduled supplement notification 6f874f29-7fe7-4e26-adb5-3ea5d9a32d07 for 2026-05-20T19:42:19.116Z
 LOG  [Coimbra Notifications] Scheduled supplement notification 428f8472-a616-4a0f-b555-9eff6037edc7 for 2026-05-20T19:42:19.116Z
 LOG  [Coimbra Notifications] Scheduled exercise reminder 1fea75a0-54b9-4fd1-b92d-5e8791104dab for 2026-05-20T17:42:19.116Z
 LOG  [Coimbra Notifications] Scheduled end-of-day summary for 2026-05-20T21:42:19.116Z
